<?xml version="1.0" encoding="UTF-8"?>
<!-- Generated by org.testng.reporters.JUnitXMLReporter -->
<testsuite ignored="0" hostname="MERT" failures="1" tests="1" name="Food Page Test" time="56.088" errors="0" timestamp="2022-08-27T08:50:09 TRT">
  <testcase classname="Training1.Peppythings.FoodPageTest" name="foodFilter" time="40.174">
    <failure type="java.lang.AssertionError" message="The following asserts failed:
	expected [(28)] but found [(34)]">
      <![CDATA[java.lang.AssertionError: The following asserts failed:
expected [(28)] but found [(34)]
at Training1.Peppythings.FoodPageTest.foodFilter(FoodPageTest.java:105)
at java.base/java.util.ArrayList.forEach(ArrayList.java:1511)
at java.base/java.util.concurrent.FutureTask.run(FutureTask.java:264)
at java.base/java.util.concurrent.ThreadPoolExecutor.runWorker(ThreadPoolExecutor.java:1136)
at java.base/java.util.concurrent.ThreadPoolExecutor$Worker.run(ThreadPoolExecutor.java:635)
at java.base/java.lang.Thread.run(Thread.java:833)
... Removed 19 stack frames]]>
    </failure>
  </testcase> <!-- foodFilter -->
</testsuite> <!-- Food Page Test -->
